#
# A fatal error has been detected by the Java Runtime Environment:
#
#  SIGSEGV (0xb) at pc=0x00007dc9970d4cab, pid=3839197, tid=0x00007dc99949d740
#
# JRE version: OpenJDK Runtime Environment (8.0_422-b05) (build 1.8.0_422-8u422-b05-1~22.04-b05)
# Java VM: OpenJDK 64-Bit Server VM (25.422-b05 mixed mode linux-amd64 compressed oops)
# Problematic frame:
# C  [libtorch_python.so+0xcd4cab]  torch::FunctionSignature::parse(_object*, _object*, _object*, _object**, std::vector<_object*, std::allocator<_object*> >&, bool)+0x47b
#
# Failed to write core dump. Core dumps have been disabled. To enable core dumping, try "ulimit -c unlimited" before starting Java again
#
# If you would like to submit a bug report, please visit:
#   http://bugreport.java.com/bugreport/crash.jsp
# The crash happened outside the Java Virtual Machine in native code.
# See problematic frame for where to report the bug.
#

---------------  T H R E A D  ---------------

Current thread (0x00005efaa2aa2800):  JavaThread "main" [_thread_in_native, id=3839197, stack(0x00007ffe9c888000,0x00007ffe9c988000)]

siginfo: si_signo: 11 (SIGSEGV), si_code: 128 (SI_KERNEL), si_addr: 0x0000000000000000

Registers:
RAX=0xb93828ed3c7ef5aa, RBX=0x00005efac960c9a0, RCX=0x0000000000000000, RDX=0x00007dc7f04b29b0
RSP=0x00007ffe9c986950, RBP=0x00007ffe9c986b70, RSI=0x00007dc8e625a990, RDI=0x00005efac960c9a0
R8 =0x00007ffe9c986c30, R9 =0x00007ffe9c986bb0, R10=0x000000000000007a, R11=0x0000000000000008
R12=0x00007dc8e625a990, R13=0x00007dc7f04b29b0, R14=0x0000000000000000, R15=0x00007ffe9c986bb0
RIP=0x00007dc9970d4cab, EFLAGS=0x0000000000010246, CSGSFS=0x002b000000000033, ERR=0x0000000000000000
  TRAPNO=0x000000000000000d

Top of Stack: (sp=0x00007ffe9c986950)
0x00007ffe9c986950:   0000000000000001 0000000000000000
0x00007ffe9c986960:   000000009c986f40 00007dc997947cd0
0x00007ffe9c986970:   00007ffe9c986c30 00007ffe9c986bb0
0x00007ffe9c986980:   00005efac960c9a0 00007dc98698a452
0x00007ffe9c986990:   00007dc7f04b29b0 00005efa959b67a2
0x00007ffe9c9869a0:   0000000000000001 00007dc9979e5f20
0x00007ffe9c9869b0:   00007ffe9c986b20 0000000000000000
0x00007ffe9c9869c0:   00007d00979e5f20 00007dc900000000
0x00007ffe9c9869d0:   00007ffe9c986bc8 00007dc900000000
0x00007ffe9c9869e0:   00007dc8e61d4900 00007dbd994df328
0x00007ffe9c9869f0:   0000000000000018 00005efad3eab810
0x00007ffe9c986a00:   0000402800008002 00007dc94bed4b02
0x00007ffe9c986a10:   00005efad3eab7e0 e265a252c8c71000
0x00007ffe9c986a20:   00007dc7f04d6390 ffffffffffffff70
0x00007ffe9c986a30:   00005efad3f79ba0 00007ffe9c986b38
0x00007ffe9c986a40:   00007ffe9c986b30 00005efad3eab7e0
0x00007ffe9c986a50:   00007ffe9c986ad8 00007dc9992a5453
0x00007ffe9c986a60:   0000000000000000 0000000000000000
0x00007ffe9c986a70:   0000000000000000 0000000000000000
0x00007ffe9c986a80:   0000000000000000 0000000000000000
0x00007ffe9c986a90:   0000000000000000 00005efafab02760
0x00007ffe9c986aa0:   0000000000000000 0000000000000000
0x00007ffe9c986ab0:   0000000000000000 0000000000000000
0x00007ffe9c986ac0:   0000000000000000 0000000000000000
0x00007ffe9c986ad0:   0000000000000000 00005efad3eab7e0
0x00007ffe9c986ae0:   00007dc9979e5f20 e265a252c8c71000
0x00007ffe9c986af0:   0000000161000000 ffffffffffffff70
0x00007ffe9c986b00:   0000000000000000 00007ffe9c986f40
0x00007ffe9c986b10:   00007dbd994def98 00007ffe9c986bc0
0x00007ffe9c986b20:   00007ffe9c986bd0 00007dc9992a5453
0x00007ffe9c986b30:   00005efad3eab7e0 00005efad3eab7e0
0x00007ffe9c986b40:   00007ffe9c986f40 00005efac960c9a0 

Instructions: (pc=0x00007dc9970d4cab)
0x00007dc9970d4c8b:   f6 0f 85 3a fd ff ff 49 83 c7 01 e9 39 fd ff ff
0x00007dc9970d4c9b:   0f 1f 44 00 00 48 8b 85 10 fe ff ff 48 8b 40 08
0x00007dc9970d4cab:   8b 00 83 e0 ef 83 f8 07 0f 84 9f 01 00 00 48 83
0x00007dc9970d4cbb:   bd 30 fe ff ff 01 0f 86 04 fc ff ff 66 0f 1f 84 

Register to memory mapping:

RAX=0xb93828ed3c7ef5aa is an unknown value
RBX=0x00005efac960c9a0 is an unknown value
RCX=0x0000000000000000 is an unknown value
RDX=0x00007dc7f04b29b0 is an unknown value
RSP=0x00007ffe9c986950 is pointing into the stack for thread: 0x00005efaa2aa2800
RBP=0x00007ffe9c986b70 is pointing into the stack for thread: 0x00005efaa2aa2800
RSI=0x00007dc8e625a990 is an unknown value
RDI=0x00005efac960c9a0 is an unknown value
R8 =0x00007ffe9c986c30 is pointing into the stack for thread: 0x00005efaa2aa2800
R9 =0x00007ffe9c986bb0 is pointing into the stack for thread: 0x00005efaa2aa2800
R10=0x000000000000007a is an unknown value
R11=0x0000000000000008 is an unknown value
R12=0x00007dc8e625a990 is an unknown value
R13=0x00007dc7f04b29b0 is an unknown value
R14=0x0000000000000000 is an unknown value
R15=0x00007ffe9c986bb0 is pointing into the stack for thread: 0x00005efaa2aa2800


Stack: [0x00007ffe9c888000,0x00007ffe9c988000],  sp=0x00007ffe9c986950,  free space=1018k
Native frames: (J=compiled Java code, j=interpreted, Vv=VM code, C=native code)
C  [libtorch_python.so+0xcd4cab]  torch::FunctionSignature::parse(_object*, _object*, _object*, _object**, std::vector<_object*, std::allocator<_object*> >&, bool)+0x47b
C  [libtorch_python.so+0xcd517e]  torch::PythonArgParser::raw_parse(_object*, _object*, _object*, _object**)+0x7e
C  [libtorch_python.so+0x57f4cf]