[2025-03-03 05:45:32,895] [INFO] [real_accelerator.py:222:get_accelerator] Setting ds_accelerator to cuda (auto detect)
[2025-03-03 05:45:32,914] [INFO] [real_accelerator.py:222:get_accelerator] Setting ds_accelerator to cuda (auto detect)
[2025-03-03 05:45:32,947] [INFO] [real_accelerator.py:222:get_accelerator] Setting ds_accelerator to cuda (auto detect)
[2025-03-03 05:45:33,113] [INFO] [real_accelerator.py:222:get_accelerator] Setting ds_accelerator to cuda (auto detect)
[2025-03-03 05:45:33,289] [INFO] [real_accelerator.py:222:get_accelerator] Setting ds_accelerator to cuda (auto detect)
[2025-03-03 05:45:33,293] [INFO] [real_accelerator.py:222:get_accelerator] Setting ds_accelerator to cuda (auto detect)
[2025-03-03 05:45:33,304] [INFO] [real_accelerator.py:222:get_accelerator] Setting ds_accelerator to cuda (auto detect)
[2025-03-03 05:45:33,316] [INFO] [real_accelerator.py:222:get_accelerator] Setting ds_accelerator to cuda (auto detect)
[2025-03-03 05:45:34,542] [INFO] [comm.py:658:init_distributed] cdb=None
[2025-03-03 05:45:34,542] [INFO] [comm.py:689:init_distributed] Initializing TorchBackend in DeepSpeed with backend nccl
[2025-03-03 05:45:34,650] [INFO] [comm.py:658:init_distributed] cdb=None
[2025-03-03 05:45:34,764] [INFO] [comm.py:658:init_distributed] cdb=None
[2025-03-03 05:45:34,908] [INFO] [comm.py:658:init_distributed] cdb=None
[2025-03-03 05:45:35,025] [INFO] [comm.py:658:init_distributed] cdb=None
[2025-03-03 05:45:35,037] [INFO] [comm.py:658:init_distributed] cdb=None
[2025-03-03 05:45:35,127] [INFO] [comm.py:658:init_distributed] cdb=None
[2025-03-03 05:45:35,140] [INFO] [comm.py:658:init_distributed] cdb=None
ninja: no work to do.
Time to load fused_adam op: 0.03647017478942871 seconds
Time to load fused_adam op: 0.10161828994750977 seconds
Time to load fused_adam op: 0.10178756713867188 seconds
Time to load fused_adam op: 0.10155630111694336 seconds
Time to load fused_adam op: 0.10130953788757324 seconds
Time to load fused_adam op: 0.10158467292785645 seconds
Time to load fused_adam op: 0.10156893730163574 seconds
Time to load fused_adam op: 0.10129547119140625 seconds
[2025-03-03 05:45:45,001] [WARNING] [lr_schedules.py:683:get_lr] Attempting to get learning rate from scheduler before it has started
[2025-03-03 05:45:45,111] [WARNING] [lr_schedules.py:683:get_lr] Attempting to get learning rate from scheduler before it has started
[2025-03-03 05:45:45,121] [WARNING] [lr_schedules.py:683:get_lr] Attempting to get learning rate from scheduler before it has started
[2025-03-03 05:45:45,123] [WARNING] [lr_schedules.py:683:get_lr] Attempting to get learning rate from scheduler before it has started
[2025-03-03 05:45:45,125] [WARNING] [lr_schedules.py:683:get_lr] Attempting to get learning rate from scheduler before it has started
[2025-03-03 05:45:45,125] [WARNING] [lr_schedules.py:683:get_lr] Attempting to get learning rate from scheduler before it has started
[2025-03-03 05:45:45,126] [WARNING] [lr_schedules.py:683:get_lr] Attempting to get learning rate from scheduler before it has started
[2025-03-03 05:45:45,126] [WARNING] [lr_schedules.py:683:get_lr] Attempting to get learning rate from scheduler before it has started
{'loss': 1.3111, 'grad_norm': 2.249453796210676, 'learning_rate': 0.0, 'epoch': 0.0}
{'loss': 1.2473, 'grad_norm': 1.8049345962002803, 'learning_rate': 1.0116785921370066e-05, 'epoch': 0.0}
{'loss': 1.2037, 'grad_norm': 1.9369025385949348, 'learning_rate': 1.603472631319529e-05, 'epoch': 0.0}
{'loss': 1.274, 'grad_norm': 2.0427865700245356, 'learning_rate': 2.0233571842740133e-05, 'epoch': 0.01}
{'loss': 1.355, 'grad_norm': 1.8870256067791604, 'learning_rate': 2.349044946079009e-05, 'epoch': 0.01}
{'loss': 1.2878, 'grad_norm': 1.7223549923256916, 'learning_rate': 2.6151512234565353e-05, 'epoch': 0.01}
{'loss': 1.2509, 'grad_norm': 1.4467009602421221, 'learning_rate': 2.8401408751761328e-05, 'epoch': 0.01}
{'loss': 1.3154, 'grad_norm': 1.637751360521609, 'learning_rate': 3.03503577641102e-05, 'epoch': 0.01}
{'loss': 1.2386, 'grad_norm': 1.8654969035633884, 'learning_rate': 3.206945262639058e-05, 'epoch': 0.01}
{'loss': 1.1838, 'grad_norm': 1.7099985829843818, 'learning_rate': 3.360723538216016e-05, 'epoch': 0.02}
{'loss': 1.2285, 'grad_norm': 1.5616340526457966, 'learning_rate': 3.499832909537227e-05, 'epoch': 0.02}
{'loss': 1.3932, 'grad_norm': 1.6380478008175041, 'learning_rate': 3.6268298155935426e-05, 'epoch': 0.02}
{'loss': 1.2886, 'grad_norm': 1.4229738789008672, 'learning_rate': 3.743655644336842e-05, 'epoch': 0.02}
{'loss': 1.2036, 'grad_norm': 1.3844761727522439, 'learning_rate': 3.8518194673131395e-05, 'epoch': 0.02}
{'loss': 1.3529, 'grad_norm': 1.5605543611463901, 'learning_rate': 3.952517577398538e-05, 'epoch': 0.02}
{'loss': 1.2802, 'grad_norm': 1.624109244129928, 'learning_rate': 4.0467143685480266e-05, 'epoch': 0.03}
{'loss': 1.2712, 'grad_norm': 1.6899644022922538, 'learning_rate': 4.135198652648473e-05, 'epoch': 0.03}
{'loss': 1.2095, 'grad_norm': 1.6728597575096629, 'learning_rate': 4.218623854776064e-05, 'epoch': 0.03}
{'loss': 1.2508, 'grad_norm': 1.502338731968633, 'learning_rate': 4.297537326300662e-05, 'epoch': 0.03}
{'loss': 1.2963, 'grad_norm': 1.6594226607610008, 'learning_rate': 4.372402130353022e-05, 'epoch': 0.03}
{'loss': 1.2518, 'grad_norm': 1.5138904832059688, 'learning_rate': 4.4436135064956614e-05, 'epoch': 0.03}
{'loss': 1.2166, 'grad_norm': 1.5387741051032329, 'learning_rate': 4.511511501674234e-05, 'epoch': 0.04}
{'loss': 1.2947, 'grad_norm': 1.5322755765642813, 'learning_rate': 4.5763907911482834e-05, 'epoch': 0.04}
{'loss': 1.2477, 'grad_norm': 1.4312245595744921, 'learning_rate': 4.638508407730549e-05, 'epoch': 0.04}
{'loss': 1.2907, 'grad_norm': 1.4758373276096244, 'learning_rate': 4.698089892158018e-05, 'epoch': 0.04}
{'loss': 1.2456, 'grad_norm': 1.4850635738443574, 'learning_rate': 4.7553342364738485e-05, 'epoch': 0.04}
{'loss': 1.2795, 'grad_norm': 1.536928973341937, 'learning_rate': 4.810417893958586e-05, 'epoch': 0.04}
{'loss': 1.3379, 'grad_norm': 1.5073674785509559, 'learning_rate': 4.863498059450147e-05, 'epoch': 0.05}
{'loss': 1.2279, 'grad_norm': 1.4471557410735443, 'learning_rate': 4.914715373778997e-05, 'epoch': 0.05}
{'loss': 1.3036, 'grad_norm': 1.4751456592859666, 'learning_rate': 4.9641961695355445e-05, 'epoch': 0.05}
{'loss': 1.3076, 'grad_norm': 1.582888448687449, 'learning_rate': 5.012054348462547e-05, 'epoch': 0.05}
{'loss': 1.2952, 'grad_norm': 1.4404862939089191, 'learning_rate': 5.058392960685034e-05, 'epoch': 0.05}
{'loss': 1.2555, 'grad_norm': 1.60152290109201, 'learning_rate': 5.1033055408567556e-05, 'epoch': 0.05}
{'loss': 1.2993, 'grad_norm': 1.7071059012075442, 'learning_rate': 5.1468772447854794e-05, 'epoch': 0.06}
{'loss': 1.2114, 'grad_norm': 1.5268988778507118, 'learning_rate': 5.189185821255142e-05, 'epoch': 0.06}
{'loss': 1.293, 'grad_norm': 1.5629112465395905, 'learning_rate': 5.2303024469130705e-05, 'epoch': 0.06}
{'loss': 1.272, 'grad_norm': 1.4472137318315517, 'learning_rate': 5.270292446742887e-05, 'epoch': 0.06}
{'loss': 1.2542, 'grad_norm': 1.4966081576532722, 'learning_rate': 5.309215918437669e-05, 'epoch': 0.06}
{'loss': 1.2971, 'grad_norm': 1.6588610095527239, 'learning_rate': 5.3471282756563704e-05, 'epoch': 0.06}
{'loss': 1.2468, 'grad_norm': 1.5349359329969285, 'learning_rate': 5.384080722490029e-05, 'epoch': 0.07}
{'loss': 1.3269, 'grad_norm': 1.6338475063562357, 'learning_rate': 5.4201206693328216e-05, 'epoch': 0.07}
{'loss': 1.3073, 'grad_norm': 1.5753467390066083, 'learning_rate': 5.455292098632669e-05, 'epoch': 0.07}
{'loss': 1.3593, 'grad_norm': 1.7023235850301859, 'learning_rate': 5.489635887599678e-05, 'epoch': 0.07}
{'loss': 1.3667, 'grad_norm': 1.5617212262117297, 'learning_rate': 5.52319009381124e-05, 'epoch': 0.07}
{'loss': 1.3646, 'grad_norm': 1.5906821250025833, 'learning_rate': 5.555990208718066e-05, 'epoch': 0.07}
{'loss': 1.1913, 'grad_norm': 1.4293777880789482, 'learning_rate': 5.58806938328529e-05, 'epoch': 0.08}
{'loss': 1.2868, 'grad_norm': 1.5047295236710645, 'learning_rate': 5.619458629365145e-05, 'epoch': 0.08}
{'loss': 1.3022, 'grad_norm': 1.4676376351014948, 'learning_rate': 5.650186999867556e-05, 'epoch': 0.08}
{'loss': 1.2757, 'grad_norm': 1.508499226307884, 'learning_rate': 5.6802817503522656e-05, 'epoch': 0.08}
{'loss': 1.3494, 'grad_norm': 1.9781692066044012, 'learning_rate': 5.7097684842950245e-05, 'epoch': 0.08}
{'loss': 1.1759, 'grad_norm': 1.57488545198028, 'learning_rate': 5.7386712839680014e-05, 'epoch': 0.08}
{'loss': 1.2729, 'grad_norm': 1.474228725187337, 'learning_rate': 5.767012828610855e-05, 'epoch': 0.09}
{'loss': 1.2537, 'grad_norm': 1.3162537891155888, 'learning_rate': 5.794814501345261e-05, 'epoch': 0.09}
{'loss': 1.2394, 'grad_norm': 1.573229760677954, 'learning_rate': 5.822096486095593e-05, 'epoch': 0.09}
{'loss': 1.3213, 'grad_norm': 1.673287125072305, 'learning_rate': 5.848877855616236e-05, 'epoch': 0.09}
{'loss': 1.277, 'grad_norm': 1.6016805465737245, 'learning_rate': 5.8751766515871534e-05, 'epoch': 0.09}
{'loss': 1.2954, 'grad_norm': 1.508499226307884, 'learning_rate': 5.901009957620191e-05, 'epoch': 0.09}
{'loss': 1.2327, 'grad_norm': 1.5249118810740814, 'learning_rate': 5.926393965916003e-05, 'epoch': 0.1}
{'loss': 1.2116, 'grad_norm': 1.538266978432559, 'learning_rate': 5.951344038222936e-05, 'epoch': 0.1}
{'loss': 1.3007, 'grad_norm': 1.6012865526611784, 'learning_rate': 5.975874761672551e-05, 'epoch': 0.1}
{'loss': 1.2446, 'grad_norm': 1.6240576432525964, 'learning_rate': 6e-05, 'epoch': 0.1}
{'loss': 1.3123, 'grad_norm': 1.6159977613849053, 'learning_rate': 6e-05, 'epoch': 0.1}
{'loss': 1.253, 'grad_norm': 1.608139304413614, 'learning_rate': 5.9890109890109894e-05, 'epoch': 0.1}
{'loss': 1.258, 'grad_norm': 1.4676537176203965, 'learning_rate': 5.978021978021978e-05, 'epoch': 0.11}
{'loss': 1.273, 'grad_norm': 1.6045788157057812, 'learning_rate': 5.967032967032967e-05, 'epoch': 0.11}
{'loss': 1.233, 'grad_norm': 1.4840713993592074, 'learning_rate': 5.9560439560439566e-05, 'epoch': 0.11}
{'loss': 1.3824, 'grad_norm': 1.6406302315764802, 'learning_rate': 5.945054945054945e-05, 'epoch': 0.11}
{'loss': 1.2416, 'grad_norm': 1.5081269721956159, 'learning_rate': 5.9340659340659345e-05, 'epoch': 0.11}
{'loss': 1.2619, 'grad_norm': 1.4991037552281727, 'learning_rate': 5.923076923076924e-05, 'epoch': 0.11}
{'loss': 1.2702, 'grad_norm': 1.4001270509018073, 'learning_rate': 5.9120879120879124e-05, 'epoch': 0.12}
{'loss': 1.2845, 'grad_norm': 1.5130671517597138, 'learning_rate': 5.901098901098901e-05, 'epoch': 0.12}
{'loss': 1.1876, 'grad_norm': 1.8058036886380544, 'learning_rate': 5.89010989010989e-05, 'epoch': 0.12}
{'loss': 1.2773, 'grad_norm': 1.5898152566741848, 'learning_rate': 5.879120879120879e-05, 'epoch': 0.12}
{'loss': 1.2172, 'grad_norm': 1.6190129541511484, 'learning_rate': 5.868131868131868e-05, 'epoch': 0.12}
{'loss': 1.3322, 'grad_norm': 1.6255630104715053, 'learning_rate': 5.857142857142857e-05, 'epoch': 0.12}
{'loss': 1.319, 'grad_norm': 1.6841113363643372, 'learning_rate': 5.846153846153846e-05, 'epoch': 0.13}
{'loss': 1.3574, 'grad_norm': 1.611787709671461, 'learning_rate': 5.8351648351648354e-05, 'epoch': 0.13}
{'loss': 1.2559, 'grad_norm': 1.4032786023996655, 'learning_rate': 5.824175824175824e-05, 'epoch': 0.13}
{'loss': 1.3448, 'grad_norm': 1.4938076471034683, 'learning_rate': 5.813186813186813e-05, 'epoch': 0.13}
{'loss': 1.3171, 'grad_norm': 1.656850597960233, 'learning_rate': 5.8021978021978026e-05, 'epoch': 0.13}
{'loss': 1.3167, 'grad_norm': 1.711926805674013, 'learning_rate': 5.791208791208791e-05, 'epoch': 0.13}
{'loss': 1.277, 'grad_norm': 1.5750717994430854, 'learning_rate': 5.7802197802197805e-05, 'epoch': 0.14}
{'loss': 1.2676, 'grad_norm': 1.5564665463703653, 'learning_rate': 5.76923076923077e-05, 'epoch': 0.14}
{'loss': 1.2837, 'grad_norm': 1.4057618459507366, 'learning_rate': 5.7582417582417584e-05, 'epoch': 0.14}
{'loss': 1.2356, 'grad_norm': 1.479255763133087, 'learning_rate': 5.747252747252748e-05, 'epoch': 0.14}
{'loss': 1.2587, 'grad_norm': 1.5606062284600262, 'learning_rate': 5.736263736263737e-05, 'epoch': 0.14}
{'loss': 1.3314, 'grad_norm': 1.7740072267894778, 'learning_rate': 5.7252747252747256e-05, 'epoch': 0.14}
{'loss': 1.2727, 'grad_norm': 1.703513284920859, 'learning_rate': 5.714285714285714e-05, 'epoch': 0.14}
{'loss': 1.3085, 'grad_norm': 1.5393135911631837, 'learning_rate': 5.7032967032967035e-05, 'epoch': 0.15}
{'loss': 1.2465, 'grad_norm': 1.585080897315511, 'learning_rate': 5.692307692307692e-05, 'epoch': 0.15}
{'loss': 1.2916, 'grad_norm': 1.4521518032545477, 'learning_rate': 5.6813186813186814e-05, 'epoch': 0.15}
{'loss': 1.2185, 'grad_norm': 1.512176602050966, 'learning_rate': 5.6703296703296706e-05, 'epoch': 0.15}
{'loss': 1.2367, 'grad_norm': 1.553268705355183, 'learning_rate': 5.659340659340659e-05, 'epoch': 0.15}
{'loss': 1.3073, 'grad_norm': 1.5745919592160866, 'learning_rate': 5.6483516483516485e-05, 'epoch': 0.15}
{'loss': 1.2482, 'grad_norm': 1.6820596666854715, 'learning_rate': 5.637362637362637e-05, 'epoch': 0.16}
{'loss': 1.3259, 'grad_norm': 1.515010512538985, 'learning_rate': 5.6263736263736264e-05, 'epoch': 0.16}
{'loss': 1.2249, 'grad_norm': 1.7182476349904128, 'learning_rate': 5.615384615384616e-05, 'epoch': 0.16}
{'loss': 1.3144, 'grad_norm': 1.7451941713879742, 'learning_rate': 5.604395604395604e-05, 'epoch': 0.16}
{'loss': 1.2793, 'grad_norm': 1.5603684190829692, 'learning_rate': 5.5934065934065936e-05, 'epoch': 0.16}
{'loss': 1.37, 'grad_norm': 1.7405995201012872, 'learning_rate': 5.582417582417583e-05, 'epoch': 0.16}
{'loss': 1.169, 'grad_norm': 1.5144427692963505, 'learning_rate': 5.5714285714285715e-05, 'epoch': 0.17}
{'loss': 1.306, 'grad_norm': 1.7233548294118803, 'learning_rate': 5.560439560439561e-05, 'epoch': 0.17}
{'loss': 1.2924, 'grad_norm': 1.5837610654135763, 'learning_rate': 5.54945054945055e-05, 'epoch': 0.17}
{'loss': 1.2649, 'grad_norm': 1.3878937806840574, 'learning_rate': 5.538461538461539e-05, 'epoch': 0.17}
{'loss': 1.2664, 'grad_norm': 1.6567602990910935, 'learning_rate': 5.527472527472527e-05, 'epoch': 0.17}
{'loss': 1.266, 'grad_norm': 1.5305609417770762, 'learning_rate': 5.5164835164835166e-05, 'epoch': 0.17}
{'loss': 1.3315, 'grad_norm': 1.402629982471923, 'learning_rate': 5.505494505494505e-05, 'epoch': 0.18}
{'loss': 1.2315, 'grad_norm': 1.462964452044395, 'learning_rate': 5.4945054945054945e-05, 'epoch': 0.18}
{'loss': 1.2841, 'grad_norm': 1.6105469815857654, 'learning_rate': 5.483516483516484e-05, 'epoch': 0.18}
{'loss': 1.1462, 'grad_norm': 1.3540529007684776, 'learning_rate': 5.4725274725274724e-05, 'epoch': 0.18}
{'loss': 1.2706, 'grad_norm': 1.7127658359217006, 'learning_rate': 5.461538461538462e-05, 'epoch': 0.18}
{'loss': 1.3608, 'grad_norm': 1.762436612659987, 'learning_rate': 5.450549450549451e-05, 'epoch': 0.18}
{'loss': 1.2162, 'grad_norm': 1.644980543653454, 'learning_rate': 5.4395604395604396e-05, 'epoch': 0.19}
{'loss': 1.2649, 'grad_norm': 1.8463457875853007, 'learning_rate': 5.428571428571429e-05, 'epoch': 0.19}
{'loss': 1.2994, 'grad_norm': 1.6533967398718752, 'learning_rate': 5.4175824175824175e-05, 'epoch': 0.19}
{'loss': 1.276, 'grad_norm': 1.468352406031863, 'learning_rate': 5.406593406593407e-05, 'epoch': 0.19}
{'loss': 1.4037, 'grad_norm': 1.5673005935162538, 'learning_rate': 5.395604395604396e-05, 'epoch': 0.19}
{'loss': 1.3326, 'grad_norm': 1.5264256051880905, 'learning_rate': 5.384615384615385e-05, 'epoch': 0.19}
{'loss': 1.3191, 'grad_norm': 1.6169407605636013, 'learning_rate': 5.373626373626374e-05, 'epoch': 0.2}
{'loss': 1.2719, 'grad_norm': 1.6489281669872806, 'learning_rate': 5.362637362637363e-05, 'epoch': 0.2}
{'loss': 1.3444, 'grad_norm': 1.5991785682658093, 'learning_rate': 5.351648351648352e-05, 'epoch': 0.2}
{'loss': 1.265, 'grad_norm': 1.3806377486628552, 'learning_rate': 5.3406593406593405e-05, 'epoch': 0.2}
{'loss': 1.2353, 'grad_norm': 1.5622013569579936, 'learning_rate': 5.32967032967033e-05, 'epoch': 0.2}
{'loss': 1.2997, 'grad_norm': 1.6677288803115144, 'learning_rate': 5.3186813186813184e-05, 'epoch': 0.2}
{'loss': 1.2414, 'grad_norm': 1.4232945325388489, 'learning_rate': 5.3076923076923076e-05, 'epoch': 0.21}
{'loss': 1.3122, 'grad_norm': 1.4546500786086973, 'learning_rate': 5.296703296703297e-05, 'epoch': 0.21}
{'loss': 1.21, 'grad_norm': 1.4937370203962594, 'learning_rate': 5.2857142857142855e-05, 'epoch': 0.21}
{'loss': 1.2352, 'grad_norm': 1.7384866314544878, 'learning_rate': 5.274725274725275e-05, 'epoch': 0.21}
{'loss': 1.2641, 'grad_norm': 1.5558394568468712, 'learning_rate': 5.263736263736264e-05, 'epoch': 0.21}
{'loss': 1.2532, 'grad_norm': 1.6554195553363695, 'learning_rate': 5.252747252747253e-05, 'epoch': 0.21}
{'loss': 1.2234, 'grad_norm': 1.479761442856548, 'learning_rate': 5.241758241758242e-05, 'epoch': 0.22}
{'loss': 1.3179, 'grad_norm': 1.7194737384473433, 'learning_rate': 5.230769230769231e-05, 'epoch': 0.22}
{'loss': 1.1714, 'grad_norm': 1.5192640996432192, 'learning_rate': 5.21978021978022e-05, 'epoch': 0.22}
{'loss': 1.3099, 'grad_norm': 1.600861633278338, 'learning_rate': 5.208791208791209e-05, 'epoch': 0.22}
{'loss': 1.328, 'grad_norm': 1.6583547354360257, 'learning_rate': 5.197802197802198e-05, 'epoch': 0.22}
{'loss': 1.4275, 'grad_norm': 1.6241976150818362, 'learning_rate': 5.186813186813187e-05, 'epoch': 0.22}
{'loss': 1.3034, 'grad_norm': 1.4969158254642747, 'learning_rate': 5.1758241758241764e-05, 'epoch': 0.23}
{'loss': 1.3293, 'grad_norm': 1.4442906246853773, 'learning_rate': 5.164835164835165e-05, 'epoch': 0.23}
{'loss': 1.3038, 'grad_norm': 1.570481628116193, 'learning_rate': 5.1538461538461536e-05, 'epoch': 0.23}
{'loss': 1.3021, 'grad_norm': 1.48554312268931, 'learning_rate': 5.142857142857143e-05, 'epoch': 0.23}
{'loss': 1.3318, 'grad_norm': 1.477499366927939, 'learning_rate': 5.1318681318681315e-05, 'epoch': 0.23}
{'loss': 1.264, 'grad_norm': 1.5130286246628226, 'learning_rate': 5.120879120879121e-05, 'epoch': 0.23}
{'loss': 1.2202, 'grad_norm': 1.4461199180506479, 'learning_rate': 5.10989010989011e-05, 'epoch': 0.24}
{'loss': 1.2772, 'grad_norm': 1.6846700887571076, 'learning_rate': 5.098901098901099e-05, 'epoch': 0.24}
{'loss': 1.3205, 'grad_norm': 1.82463647278787, 'learning_rate': 5.087912087912088e-05, 'epoch': 0.24}
{'loss': 1.2754, 'grad_norm': 1.7630217273734308, 'learning_rate': 5.076923076923077e-05, 'epoch': 0.24}
{'loss': 1.2385, 'grad_norm': 1.7255977507156122, 'learning_rate': 5.065934065934066e-05, 'epoch': 0.24}
{'loss': 1.2155, 'grad_norm': 1.5932798253070133, 'learning_rate': 5.054945054945055e-05, 'epoch': 0.24}
{'loss': 1.2161, 'grad_norm': 1.6260824266400333, 'learning_rate': 5.0439560439560444e-05, 'epoch': 0.25}
{'loss': 1.2768, 'grad_norm': 1.4865236492104206, 'learning_rate': 5.032967032967033e-05, 'epoch': 0.25}
{'loss': 1.2438, 'grad_norm': 1.43059206836773, 'learning_rate': 5.0219780219780223e-05, 'epoch': 0.25}
{'loss': 1.3351, 'grad_norm': 1.9239759669161025, 'learning_rate': 5.0109890109890116e-05, 'epoch': 0.25}
{'loss': 1.2709, 'grad_norm': 1.4880798684189305, 'learning_rate': 5e-05, 'epoch': 0.25}
{'loss': 1.2754, 'grad_norm': 1.5936871684535692, 'learning_rate': 4.9890109890109895e-05, 'epoch': 0.25}
{'loss': 1.3162, 'grad_norm': 1.5037021250726075, 'learning_rate': 4.978021978021978e-05, 'epoch': 0.26}
{'loss': 1.2537, 'grad_norm': 1.4429112462687248, 'learning_rate': 4.967032967032967e-05, 'epoch': 0.26}
{'loss': 1.2424, 'grad_norm': 1.5100856900690498, 'learning_rate': 4.956043956043956e-05, 'epoch': 0.26}
{'loss': 1.3163, 'grad_norm': 1.8868740483850517, 'learning_rate': 4.9450549450549446e-05, 'epoch': 0.26}
{'loss': 1.1874, 'grad_norm': 1.3276392328842506, 'learning_rate': 4.934065934065934e-05, 'epoch': 0.26}
{'loss': 1.3302, 'grad_norm': 1.6940929755330332, 'learning_rate': 4.923076923076923e-05, 'epoch': 0.26}
{'loss': 1.3015, 'grad_norm': 1.4958170742047376, 'learning_rate': 4.912087912087912e-05, 'epoch': 0.27}
{'loss': 1.3873, 'grad_norm': 1.6834291169641362, 'learning_rate': 4.901098901098901e-05, 'epoch': 0.27}
{'loss': 1.2387, 'grad_norm': 1.5044843875306944, 'learning_rate': 4.8901098901098904e-05, 'epoch': 0.27}
{'loss': 1.207, 'grad_norm': 1.4868390161458205, 'learning_rate': 4.879120879120879e-05, 'epoch': 0.27}
{'loss': 1.3534, 'grad_norm': 1.762352806059247, 'learning_rate': 4.868131868131868e-05, 'epoch': 0.27}
{'loss': 1.3002, 'grad_norm': 1.4658409691561665, 'learning_rate': 4.8571428571428576e-05, 'epoch': 0.27}
{'loss': 1.2799, 'grad_norm': 1.4116920287110755, 'learning_rate': 4.846153846153846e-05, 'epoch': 0.28}
{'loss': 1.2948, 'grad_norm': 1.616689411802972, 'learning_rate': 4.8351648351648355e-05, 'epoch': 0.28}
{'loss': 1.3124, 'grad_norm': 1.5504720461286672, 'learning_rate': 4.824175824175825e-05, 'epoch': 0.28}
{'loss': 1.3114, 'grad_norm': 1.5287765455709483, 'learning_rate': 4.8131868131868134e-05, 'epoch': 0.28}
{'loss': 1.2495, 'grad_norm': 1.3831301825314668, 'learning_rate': 4.802197802197803e-05, 'epoch': 0.28}
{'loss': 1.2674, 'grad_norm': 1.4621878592451372, 'learning_rate': 4.791208791208792e-05, 'epoch': 0.28}
{'loss': 1.2293, 'grad_norm': 1.4566020589128572, 'learning_rate': 4.78021978021978e-05, 'epoch': 0.29}
{'loss': 1.3324, 'grad_norm': 1.4515445276960675, 'learning_rate': 4.769230769230769e-05, 'epoch': 0.29}
{'loss': 1.2534, 'grad_norm': 1.454416746844448, 'learning_rate': 4.758241758241758e-05, 'epoch': 0.29}
{'loss': 1.2663, 'grad_norm': 1.624156733104587, 'learning_rate': 4.747252747252747e-05, 'epoch': 0.29}
{'loss': 1.3183, 'grad_norm': 1.5822630912539348, 'learning_rate': 4.7362637362637364e-05, 'epoch': 0.29}
{'loss': 1.2736, 'grad_norm': 1.4945696445444752, 'learning_rate': 4.725274725274725e-05, 'epoch': 0.29}
{'loss': 1.271, 'grad_norm': 1.4668246697079437, 'learning_rate': 4.714285714285714e-05, 'epoch': 0.29}
{'loss': 1.2447, 'grad_norm': 1.3577190705037199, 'learning_rate': 4.7032967032967035e-05, 'epoch': 0.3}
{'loss': 1.2192, 'grad_norm': 1.5252059453514708, 'learning_rate': 4.692307692307692e-05, 'epoch': 0.3}
{'loss': 1.3099, 'grad_norm': 1.6111022420982533, 'learning_rate': 4.6813186813186814e-05, 'epoch': 0.3}
{'loss': 1.3334, 'grad_norm': 1.5515998582289676, 'learning_rate': 4.670329670329671e-05, 'epoch': 0.3}
{'loss': 1.3624, 'grad_norm': 1.6295066111343615, 'learning_rate': 4.6593406593406593e-05, 'epoch': 0.3}
{'loss': 1.236, 'grad_norm': 1.6277187785167422, 'learning_rate': 4.6483516483516486e-05, 'epoch': 0.3}
{'loss': 1.2589, 'grad_norm': 1.4664328945139455, 'learning_rate': 4.637362637362638e-05, 'epoch': 0.31}
{'loss': 1.2637, 'grad_norm': 1.5697914131972681, 'learning_rate': 4.6263736263736265e-05, 'epoch': 0.31}
{'loss': 1.3646, 'grad_norm': 1.6570382311870413, 'learning_rate': 4.615384615384616e-05, 'epoch': 0.31}
{'loss': 1.2592, 'grad_norm': 1.5155884256570837, 'learning_rate': 4.604395604395605e-05, 'epoch': 0.31}
{'loss': 1.2599, 'grad_norm': 1.8535583941365978, 'learning_rate': 4.593406593406593e-05, 'epoch': 0.31}
{'loss': 1.2803, 'grad_norm': 1.5503111157894587, 'learning_rate': 4.582417582417582e-05, 'epoch': 0.31}
{'loss': 1.2597, 'grad_norm': 1.4645366702869247, 'learning_rate': 4.5714285714285716e-05, 'epoch': 0.32}
{'loss': 1.3014, 'grad_norm': 1.5121575243651908, 'learning_rate': 4.56043956043956e-05, 'epoch': 0.32}
{'loss': 1.1578, 'grad_norm': 1.4125284124571937, 'learning_rate': 4.5494505494505495e-05, 'epoch': 0.32}
{'loss': 1.2065, 'grad_norm': 1.5474677443339582, 'learning_rate': 4.538461538461538e-05, 'epoch': 0.32}
{'loss': 1.2617, 'grad_norm': 1.6709568675630815, 'learning_rate': 4.5274725274725274e-05, 'epoch': 0.32}
{'loss': 1.2964, 'grad_norm': 1.5190703568277935, 'learning_rate': 4.516483516483517e-05, 'epoch': 0.32}
{'loss': 1.2293, 'grad_norm': 1.4151260001761368, 'learning_rate': 4.505494505494505e-05, 'epoch': 0.33}
{'loss': 1.3183, 'grad_norm': 1.7220809564113326, 'learning_rate': 4.4945054945054946e-05, 'epoch': 0.33}
{'loss': 1.2771, 'grad_norm': 1.4481770763821378, 'learning_rate': 4.483516483516484e-05, 'epoch': 0.33}
{'loss': 1.3149, 'grad_norm': 1.8119086254482804, 'learning_rate': 4.4725274725274725e-05, 'epoch': 0.33}
{'loss': 1.3069, 'grad_norm': 1.4735016761306845, 'learning_rate': 4.461538461538462e-05, 'epoch': 0.33}
{'loss': 1.2538, 'grad_norm': 1.5085562813450466, 'learning_rate': 4.450549450549451e-05, 'epoch': 0.33}
{'loss': 1.3195, 'grad_norm': 1.5341470521871021, 'learning_rate': 4.43956043956044e-05, 'epoch': 0.34}
{'loss': 1.2137, 'grad_norm': 1.442005146768726, 'learning_rate': 4.428571428571429e-05, 'epoch': 0.34}
{'loss': 1.3131, 'grad_norm': 1.5578879381163049, 'learning_rate': 4.417582417582418e-05, 'epoch': 0.34}
{'loss': 1.3507, 'grad_norm': 1.663395779430653, 'learning_rate': 4.406593406593407e-05, 'epoch': 0.34}
{'loss': 1.2809, 'grad_norm': 1.5785271160610883, 'learning_rate': 4.3956043956043955e-05, 'epoch': 0.34}
{'loss': 1.3117, 'grad_norm': 1.739704500954363, 'learning_rate': 4.384615384615385e-05, 'epoch': 0.34}
{'loss': 1.2875, 'grad_norm': 1.5108357692109025, 'learning_rate': 4.3736263736263734e-05, 'epoch': 0.35}
{'loss': 1.3503, 'grad_norm': 1.4804234158059404, 'learning_rate': 4.3626373626373626e-05, 'epoch': 0.35}
{'loss': 1.1754, 'grad_norm': 1.423860693455749, 'learning_rate': 4.351648351648352e-05, 'epoch': 0.35}
{'loss': 1.3067, 'grad_norm': 1.3396404768332826, 'learning_rate': 4.3406593406593405e-05, 'epoch': 0.35}
{'loss': 1.3256, 'grad_norm': 1.5677743773209856, 'learning_rate': 4.32967032967033e-05, 'epoch': 0.35}
{'loss': 1.2762, 'grad_norm': 1.416859594933588, 'learning_rate': 4.3186813186813184e-05, 'epoch': 0.35}
{'loss': 1.269, 'grad_norm': 1.462726986216517, 'learning_rate': 4.307692307692308e-05, 'epoch': 0.36}
{'loss': 1.281, 'grad_norm': 1.5424272190525616, 'learning_rate': 4.296703296703297e-05, 'epoch': 0.36}
{'loss': 1.2274, 'grad_norm': 1.5720133513885846, 'learning_rate': 4.2857142857142856e-05, 'epoch': 0.36}
{'loss': 1.256, 'grad_norm': 1.372507089620877, 'learning_rate': 4.274725274725275e-05, 'epoch': 0.36}
{'loss': 1.2284, 'grad_norm': 1.4622047354490926, 'learning_rate': 4.263736263736264e-05, 'epoch': 0.36}
{'loss': 1.218, 'grad_norm': 1.5126574852032775, 'learning_rate': 4.252747252747253e-05, 'epoch': 0.36}
{'loss': 1.2456, 'grad_norm': 1.467303598703773, 'learning_rate': 4.241758241758242e-05, 'epoch': 0.37}
{'loss': 1.3044, 'grad_norm': 1.4546098403606207, 'learning_rate': 4.2307692307692314e-05, 'epoch': 0.37}
{'loss': 1.2911, 'grad_norm': 1.5366743894922206, 'learning_rate': 4.21978021978022e-05, 'epoch': 0.37}
{'loss': 1.2697, 'grad_norm': 1.4916101906739043, 'learning_rate': 4.2087912087912086e-05, 'epoch': 0.37}
{'loss': 1.3273, 'grad_norm': 1.6005851927145156, 'learning_rate': 4.197802197802198e-05, 'epoch': 0.37}
{'loss': 1.3011, 'grad_norm': 1.4038314790933493, 'learning_rate': 4.1868131868131865e-05, 'epoch': 0.37}
{'loss': 1.2119, 'grad_norm': 1.443096792574021, 'learning_rate': 4.175824175824176e-05, 'epoch': 0.38}
{'loss': 1.2247, 'grad_norm': 1.4892481268896107, 'learning_rate': 4.164835164835165e-05, 'epoch': 0.38}
{'loss': 1.2789, 'grad_norm': 1.4448011163770602, 'learning_rate': 4.153846153846154e-05, 'epoch': 0.38}
{'loss': 1.308, 'grad_norm': 1.5656712964916477, 'learning_rate': 4.142857142857143e-05, 'epoch': 0.38}
{'loss': 1.221, 'grad_norm': 1.6398133222820193, 'learning_rate': 4.131868131868132e-05, 'epoch': 0.38}
{'loss': 1.1831, 'grad_norm': 1.378276216337541, 'learning_rate': 4.120879120879121e-05, 'epoch': 0.38}
{'loss': 1.2684, 'grad_norm': 1.475284487557951, 'learning_rate': 4.10989010989011e-05, 'epoch': 0.39}
{'loss': 1.2404, 'grad_norm': 1.3827315484614047, 'learning_rate': 4.098901098901099e-05, 'epoch': 0.39}
{'loss': 1.2664, 'grad_norm': 1.6514857163350052, 'learning_rate': 4.087912087912088e-05, 'epoch': 0.39}
{'loss': 1.2405, 'grad_norm': 1.5986682326320034, 'learning_rate': 4.0769230769230773e-05, 'epoch': 0.39}
{'loss': 1.2361, 'grad_norm': 1.490631010735187, 'learning_rate': 4.065934065934066e-05, 'epoch': 0.39}
{'loss': 1.3214, 'grad_norm': 1.4704411287219592, 'learning_rate': 4.054945054945055e-05, 'epoch': 0.39}
{'loss': 1.2405, 'grad_norm': 1.6019565748741733, 'learning_rate': 4.0439560439560445e-05, 'epoch': 0.4}
{'loss': 1.2576, 'grad_norm': 1.540938342807271, 'learning_rate': 4.032967032967033e-05, 'epoch': 0.4}
{'loss': 1.2828, 'grad_norm': 1.4554457641686698, 'learning_rate': 4.021978021978022e-05, 'epoch': 0.4}
{'loss': 1.2311, 'grad_norm': 1.5022055782073862, 'learning_rate': 4.010989010989011e-05, 'epoch': 0.4}
{'loss': 1.2462, 'grad_norm': 1.5272908311344737, 'learning_rate': 3.9999999999999996e-05, 'epoch': 0.4}
{'loss': 1.2201, 'grad_norm': 1.43234572799844, 'learning_rate': 3.989010989010989e-05, 'epoch': 0.4}
{'loss': 1.228, 'grad_norm': 1.563076294479931, 'learning_rate': 3.978021978021978e-05, 'epoch': 0.41}
{'loss': 1.3159, 'grad_norm': 1.6450217777190435, 'learning_rate': 3.967032967032967e-05, 'epoch': 0.41}
{'loss': 1.2392, 'grad_norm': 1.5394882155559266, 'learning_rate': 3.956043956043956e-05, 'epoch': 0.41}
{'loss': 1.2421, 'grad_norm': 1.401468412883712, 'learning_rate': 3.9450549450549454e-05, 'epoch': 0.41}
{'loss': 1.3025, 'grad_norm': 1.5593291342799576, 'learning_rate': 3.934065934065934e-05, 'epoch': 0.41}
{'loss': 1.3129, 'grad_norm': 1.508255493234994, 'learning_rate': 3.923076923076923e-05, 'epoch': 0.41}
{'loss': 1.3007, 'grad_norm': 1.6167481051248536, 'learning_rate': 3.9120879120879126e-05, 'epoch': 0.42}
{'loss': 1.2864, 'grad_norm': 1.558340640059424, 'learning_rate': 3.901098901098901e-05, 'epoch': 0.42}
{'loss': 1.27, 'grad_norm': 1.463235119338424, 'learning_rate': 3.8901098901098905e-05, 'epoch': 0.42}
{'loss': 1.3429, 'grad_norm': 1.5019305045181757, 'learning_rate': 3.879120879120879e-05, 'epoch': 0.42}
{'loss': 1.2523, 'grad_norm': 1.516873268406229, 'learning_rate': 3.8681318681318684e-05, 'epoch': 0.42}
{'loss': 1.246, 'grad_norm': 1.46025893828444, 'learning_rate': 3.857142857142858e-05, 'epoch': 0.42}
{'loss': 1.3157, 'grad_norm': 1.61002447856041, 'learning_rate': 3.846153846153846e-05, 'epoch': 0.43}
{'loss': 1.2487, 'grad_norm': 1.479216597166557, 'learning_rate': 3.835164835164835e-05, 'epoch': 0.43}
{'loss': 1.2485, 'grad_norm': 1.4716071077407933, 'learning_rate': 3.824175824175824e-05, 'epoch': 0.43}
{'loss': 1.2896, 'grad_norm': 1.539453834314771, 'learning_rate': 3.813186813186813e-05, 'epoch': 0.43}
{'loss': 1.2864, 'grad_norm': 1.4256232187142086, 'learning_rate': 3.802197802197802e-05, 'epoch': 0.43}
{'loss': 1.2784, 'grad_norm': 1.5421638803885986, 'learning_rate': 3.7912087912087914e-05, 'epoch': 0.43}
{'loss': 1.2771, 'grad_norm': 1.6751554872453973, 'learning_rate': 3.78021978021978e-05, 'epoch': 0.43}
{'loss': 1.308, 'grad_norm': 1.565145617891926, 'learning_rate': 3.769230769230769e-05, 'epoch': 0.44}
{'loss': 1.3319, 'grad_norm': 1.708188430719442, 'learning_rate': 3.7582417582417586e-05, 'epoch': 0.44}
{'loss': 1.1359, 'grad_norm': 1.343373756076588, 'learning_rate': 3.747252747252747e-05, 'epoch': 0.44}
{'loss': 1.2911, 'grad_norm': 1.533286939140237, 'learning_rate': 3.7362637362637365e-05, 'epoch': 0.44}
{'loss': 1.3299, 'grad_norm': 1.7215540121149346, 'learning_rate': 3.725274725274726e-05, 'epoch': 0.44}
{'loss': 1.3164, 'grad_norm': 1.4606203765208334, 'learning_rate': 3.7142857142857143e-05, 'epoch': 0.44}
{'loss': 1.2907, 'grad_norm': 1.4582575732943033, 'learning_rate': 3.7032967032967036e-05, 'epoch': 0.45}
{'loss': 1.29, 'grad_norm': 1.5250669714808693, 'learning_rate': 3.692307692307693e-05, 'epoch': 0.45}
{'loss': 1.3591, 'grad_norm': 1.457093920139726, 'learning_rate': 3.6813186813186815e-05, 'epoch': 0.45}
{'loss': 1.3405, 'grad_norm': 1.5531985566740871, 'learning_rate': 3.670329670329671e-05, 'epoch': 0.45}
{'loss': 1.2801, 'grad_norm': 1.597292982367667, 'learning_rate': 3.6593406593406594e-05, 'epoch': 0.45}
{'loss': 1.3496, 'grad_norm': 1.5771953752932175, 'learning_rate': 3.648351648351648e-05, 'epoch': 0.45}
{'loss': 1.1688, 'grad_norm': 1.3432028343969389, 'learning_rate': 3.637362637362637e-05, 'epoch': 0.46}
{'loss': 1.2061, 'grad_norm': 1.5061272408887207, 'learning_rate': 3.626373626373626e-05, 'epoch': 0.46}
{'loss': 1.323, 'grad_norm': 1.762833608343038, 'learning_rate': 3.615384615384615e-05, 'epoch': 0.46}
{'loss': 1.2737, 'grad_norm': 1.4397939539891975, 'learning_rate': 3.6043956043956045e-05, 'epoch': 0.46}
{'loss': 1.2863, 'grad_norm': 1.5914583372750373, 'learning_rate': 3.593406593406593e-05, 'epoch': 0.46}
{'loss': 1.2268, 'grad_norm': 1.5545736299919295, 'learning_rate': 3.5824175824175824e-05, 'epoch': 0.46}
{'loss': 1.2934, 'grad_norm': 1.6107120330234128, 'learning_rate': 3.571428571428572e-05, 'epoch': 0.47}
{'loss': 1.4095, 'grad_norm': 1.6782257817017012, 'learning_rate': 3.56043956043956e-05, 'epoch': 0.47}
{'loss': 1.2603, 'grad_norm': 1.408289426574367, 'learning_rate': 3.5494505494505496e-05, 'epoch': 0.47}
{'loss': 1.3654, 'grad_norm': 1.6185121869702859, 'learning_rate': 3.538461538461539e-05, 'epoch': 0.47}
{'loss': 1.184, 'grad_norm': 1.4847278376394686, 'learning_rate': 3.5274725274725275e-05, 'epoch': 0.47}
{'loss': 1.2933, 'grad_norm': 1.5037758510584083, 'learning_rate': 3.516483516483517e-05, 'epoch': 0.47}
{'loss': 1.2495, 'grad_norm': 1.4257095109841602, 'learning_rate': 3.505494505494506e-05, 'epoch': 0.48}
{'loss': 1.2127, 'grad_norm': 1.4994136936017848, 'learning_rate': 3.494505494505495e-05, 'epoch': 0.48}
{'loss': 1.254, 'grad_norm': 1.4792610013010188, 'learning_rate': 3.483516483516484e-05, 'epoch': 0.48}
{'loss': 1.3384, 'grad_norm': 1.6347883762977764, 'learning_rate': 3.472527472527473e-05, 'epoch': 0.48}
{'loss': 1.249, 'grad_norm': 1.7632983922230745, 'learning_rate': 3.461538461538461e-05, 'epoch': 0.48}
{'loss': 1.2194, 'grad_norm': 1.4500293366983188, 'learning_rate': 3.4505494505494505e-05, 'epoch': 0.48}
{'loss': 1.2995, 'grad_norm': 1.5460181126687058, 'learning_rate': 3.439560439560439e-05, 'epoch': 0.49}
{'loss': 1.2751, 'grad_norm': 1.602811372949565, 'learning_rate': 3.4285714285714284e-05, 'epoch': 0.49}
{'loss': 1.324, 'grad_norm': 1.573377815334377, 'learning_rate': 3.4175824175824177e-05, 'epoch': 0.49}
{'loss': 1.2675, 'grad_norm': 1.5019042325836023, 'learning_rate': 3.406593406593406e-05, 'epoch': 0.49}
{'loss': 1.2241, 'grad_norm': 1.4278874139133428, 'learning_rate': 3.3956043956043956e-05, 'epoch': 0.49}
{'loss': 1.2254, 'grad_norm': 1.5535457386592528, 'learning_rate': 3.384615384615385e-05, 'epoch': 0.49}
{'loss': 1.353, 'grad_norm': 1.5764592510247772, 'learning_rate': 3.3736263736263734e-05, 'epoch': 0.5}
{'loss': 1.2513, 'grad_norm': 1.386190050375008, 'learning_rate': 3.362637362637363e-05, 'epoch': 0.5}
{'loss': 1.1746, 'grad_norm': 1.441314611649177, 'learning_rate': 3.351648351648352e-05, 'epoch': 0.5}
{'loss': 1.2677, 'grad_norm': 1.3241339912408179, 'learning_rate': 3.3406593406593406e-05, 'epoch': 0.5}
{'loss': 1.1693, 'grad_norm': 1.3396538691640687, 'learning_rate': 3.32967032967033e-05, 'epoch': 0.5}
{'loss': 1.2968, 'grad_norm': 1.478058717947278, 'learning_rate': 3.318681318681319e-05, 'epoch': 0.5}
{'loss': 1.2368, 'grad_norm': 1.394438369179638, 'learning_rate': 3.307692307692308e-05, 'epoch': 0.51}
{'loss': 1.3646, 'grad_norm': 1.448750957656557, 'learning_rate': 3.296703296703297e-05, 'epoch': 0.51}
{'loss': 1.2824, 'grad_norm': 1.4939275851490224, 'learning_rate': 3.2857142857142864e-05, 'epoch': 0.51}
{'loss': 1.2716, 'grad_norm': 1.569959306614751, 'learning_rate': 3.274725274725274e-05, 'epoch': 0.51}
{'loss': 1.2561, 'grad_norm': 1.5681753466275339, 'learning_rate': 3.2637362637362636e-05, 'epoch': 0.51}
{'loss': 1.2805, 'grad_norm': 1.4548824716404487, 'learning_rate': 3.252747252747253e-05, 'epoch': 0.51}
{'loss': 1.2814, 'grad_norm': 1.6357838001936418, 'learning_rate': 3.2417582417582415e-05, 'epoch': 0.52}
{'loss': 1.1627, 'grad_norm': 1.4143457287141752, 'learning_rate': 3.230769230769231e-05, 'epoch': 0.52}
{'loss': 1.2979, 'grad_norm': 1.667366151256147, 'learning_rate': 3.2197802197802194e-05, 'epoch': 0.52}
{'loss': 1.2131, 'grad_norm': 1.3529826294177936, 'learning_rate': 3.208791208791209e-05, 'epoch': 0.52}
{'loss': 1.2758, 'grad_norm': 1.565601855809355, 'learning_rate': 3.197802197802198e-05, 'epoch': 0.52}
{'loss': 1.3252, 'grad_norm': 1.566201669932208, 'learning_rate': 3.1868131868131866e-05, 'epoch': 0.52}
{'loss': 1.2364, 'grad_norm': 1.5492038343272294, 'learning_rate': 3.175824175824176e-05, 'epoch': 0.53}
{'loss': 1.2479, 'grad_norm': 1.5698207255987573, 'learning_rate': 3.164835164835165e-05, 'epoch': 0.53}
{'loss': 1.2611, 'grad_norm': 1.6363462329189495, 'learning_rate': 3.153846153846154e-05, 'epoch': 0.53}
{'loss': 1.2697, 'grad_norm': 1.5203802487684905, 'learning_rate': 3.142857142857143e-05, 'epoch': 0.53}
{'loss': 1.1981, 'grad_norm': 1.397906197150073, 'learning_rate': 3.1318681318681324e-05, 'epoch': 0.53}
{'loss': 1.2325, 'grad_norm': 1.4190929149668827, 'learning_rate': 3.120879120879121e-05, 'epoch': 0.53}
{'loss': 1.1769, 'grad_norm': 1.4578373292564601, 'learning_rate': 3.10989010989011e-05, 'epoch': 0.54}
{'loss': 1.2943, 'grad_norm': 1.4356921064131802, 'learning_rate': 3.0989010989010995e-05, 'epoch': 0.54}
{'loss': 1.2503, 'grad_norm': 1.5060780090655561, 'learning_rate': 3.0879120879120875e-05, 'epoch': 0.54}
{'loss': 1.2033, 'grad_norm': 1.4628268178309605, 'learning_rate': 3.076923076923077e-05, 'epoch': 0.54}
{'loss': 1.2041, 'grad_norm': 1.399325126382776, 'learning_rate': 3.065934065934066e-05, 'epoch': 0.54}
{'loss': 1.2134, 'grad_norm': 1.5079543289129012, 'learning_rate': 3.0549450549450547e-05, 'epoch': 0.54}
{'loss': 1.2222, 'grad_norm': 1.4359313034903536, 'learning_rate': 3.043956043956044e-05, 'epoch': 0.55}
{'loss': 1.3319, 'grad_norm': 1.5433659682040104, 'learning_rate': 3.032967032967033e-05, 'epoch': 0.55}
{'loss': 1.293, 'grad_norm': 1.4690692635781968, 'learning_rate': 3.021978021978022e-05, 'epoch': 0.55}
{'loss': 1.2059, 'grad_norm': 1.48746409973932, 'learning_rate': 3.010989010989011e-05, 'epoch': 0.55}
{'loss': 1.2885, 'grad_norm': 1.4043064249745902, 'learning_rate': 3e-05, 'epoch': 0.55}
{'loss': 1.2537, 'grad_norm': 1.4470334915787997, 'learning_rate': 2.989010989010989e-05, 'epoch': 0.55}
{'loss': 1.2531, 'grad_norm': 1.5262099640865043, 'learning_rate': 2.9780219780219783e-05, 'epoch': 0.56}
{'loss': 1.2534, 'grad_norm': 1.618030273210874, 'learning_rate': 2.9670329670329673e-05, 'epoch': 0.56}
{'loss': 1.3185, 'grad_norm': 1.5133728125683925, 'learning_rate': 2.9560439560439562e-05, 'epoch': 0.56}
{'loss': 1.3066, 'grad_norm': 1.6455318641602772, 'learning_rate': 2.945054945054945e-05, 'epoch': 0.56}
{'loss': 1.342, 'grad_norm': 1.6094449963208592, 'learning_rate': 2.934065934065934e-05, 'epoch': 0.56}
{'loss': 1.2981, 'grad_norm': 1.412242877817318, 'learning_rate': 2.923076923076923e-05, 'epoch': 0.56}
{'loss': 1.2875, 'grad_norm': 1.4449992072291329, 'learning_rate': 2.912087912087912e-05, 'epoch': 0.57}
{'loss': 1.3181, 'grad_norm': 1.4317306344541207, 'learning_rate': 2.9010989010989013e-05, 'epoch': 0.57}
{'loss': 1.3186, 'grad_norm': 1.4532815172133464, 'learning_rate': 2.8901098901098902e-05, 'epoch': 0.57}
{'loss': 1.1946, 'grad_norm': 1.3794284080463963, 'learning_rate': 2.8791208791208792e-05, 'epoch': 0.57}
{'loss': 1.1923, 'grad_norm': 1.4045816485586202, 'learning_rate': 2.8681318681318685e-05, 'epoch': 0.57}
{'loss': 1.218, 'grad_norm': 1.5378385992845092, 'learning_rate': 2.857142857142857e-05, 'epoch': 0.57}
{'loss': 1.2559, 'grad_norm': 1.6130893399163098, 'learning_rate': 2.846153846153846e-05, 'epoch': 0.57}
{'loss': 1.2571, 'grad_norm': 1.5559636538165957, 'learning_rate': 2.8351648351648353e-05, 'epoch': 0.58}
{'loss': 1.2291, 'grad_norm': 1.5390545994899536, 'learning_rate': 2.8241758241758243e-05, 'epoch': 0.58}
{'loss': 1.237, 'grad_norm': 1.40630031071841, 'learning_rate': 2.8131868131868132e-05, 'epoch': 0.58}
{'loss': 1.2256, 'grad_norm': 1.4286309178772418, 'learning_rate': 2.802197802197802e-05, 'epoch': 0.58}
{'loss': 1.2051, 'grad_norm': 1.669540272439757, 'learning_rate': 2.7912087912087915e-05, 'epoch': 0.58}
{'loss': 1.2852, 'grad_norm': 1.5690420904695448, 'learning_rate': 2.7802197802197804e-05, 'epoch': 0.58}
{'loss': 1.3077, 'grad_norm': 1.6605846615200206, 'learning_rate': 2.7692307692307694e-05, 'epoch': 0.59}
{'loss': 1.2703, 'grad_norm': 1.5613357020755676, 'learning_rate': 2.7582417582417583e-05, 'epoch': 0.59}
{'loss': 1.3821, 'grad_norm': 1.5864060184354978, 'learning_rate': 2.7472527472527473e-05, 'epoch': 0.59}
{'loss': 1.389, 'grad_norm': 1.5719971990390509, 'learning_rate': 2.7362637362637362e-05, 'epoch': 0.59}
{'loss': 1.2858, 'grad_norm': 1.5132366120663021, 'learning_rate': 2.7252747252747255e-05, 'epoch': 0.59}
{'loss': 1.2965, 'grad_norm': 1.4583949030640093, 'learning_rate': 2.7142857142857144e-05, 'epoch': 0.59}
{'loss': 1.4068, 'grad_norm': 1.541283877851989, 'learning_rate': 2.7032967032967034e-05, 'epoch': 0.6}
{'loss': 1.3107, 'grad_norm': 1.4203224509114079, 'learning_rate': 2.6923076923076923e-05, 'epoch': 0.6}
{'loss': 1.3236, 'grad_norm': 1.4802967464807864, 'learning_rate': 2.6813186813186816e-05, 'epoch': 0.6}
{'loss': 1.3137, 'grad_norm': 1.6136392191618638, 'learning_rate': 2.6703296703296702e-05, 'epoch': 0.6}
{'loss': 1.2359, 'grad_norm': 1.522044635694655, 'learning_rate': 2.6593406593406592e-05, 'epoch': 0.6}
{'loss': 1.3476, 'grad_norm': 1.7830894074629893, 'learning_rate': 2.6483516483516485e-05, 'epoch': 0.6}
{'loss': 1.2233, 'grad_norm': 1.3831571160340022, 'learning_rate': 2.6373626373626374e-05, 'epoch': 0.61}
{'loss': 1.3109, 'grad_norm': 1.6099661324771366, 'learning_rate': 2.6263736263736264e-05, 'epoch': 0.61}
{'loss': 1.2761, 'grad_norm': 1.5225082302027653, 'learning_rate': 2.6153846153846157e-05, 'epoch': 0.61}
{'loss': 1.4085, 'grad_norm': 1.5654421762407325, 'learning_rate': 2.6043956043956046e-05, 'epoch': 0.61}
{'loss': 1.3484, 'grad_norm': 1.6835845451368872, 'learning_rate': 2.5934065934065935e-05, 'epoch': 0.61}
{'loss': 1.2727, 'grad_norm': 1.4981002698630832, 'learning_rate': 2.5824175824175825e-05, 'epoch': 0.61}
{'loss': 1.3126, 'grad_norm': 1.5565028494598354, 'learning_rate': 2.5714285714285714e-05, 'epoch': 0.62}
{'loss': 1.1751, 'grad_norm': 1.419828850008997, 'learning_rate': 2.5604395604395604e-05, 'epoch': 0.62}
{'loss': 1.2856, 'grad_norm': 1.4550528914548613, 'learning_rate': 2.5494505494505493e-05, 'epoch': 0.62}
{'loss': 1.2852, 'grad_norm': 1.4755748695347237, 'learning_rate': 2.5384615384615386e-05, 'epoch': 0.62}
{'loss': 1.2133, 'grad_norm': 1.4970011934671887, 'learning_rate': 2.5274725274725276e-05, 'epoch': 0.62}
{'loss': 1.2464, 'grad_norm': 1.4642269209113834, 'learning_rate': 2.5164835164835165e-05, 'epoch': 0.62}
{'loss': 1.264, 'grad_norm': 1.38382722509899, 'learning_rate': 2.5054945054945058e-05, 'epoch': 0.63}
{'loss': 1.2817, 'grad_norm': 1.4838242161482944, 'learning_rate': 2.4945054945054948e-05, 'epoch': 0.63}
{'loss': 1.3843, 'grad_norm': 1.531945440446321, 'learning_rate': 2.4835164835164834e-05, 'epoch': 0.63}
{'loss': 1.264, 'grad_norm': 1.4034243699731372, 'learning_rate': 2.4725274725274723e-05, 'epoch': 0.63}
{'loss': 1.2858, 'grad_norm': 1.485322830353682, 'learning_rate': 2.4615384615384616e-05, 'epoch': 0.63}
{'loss': 1.3298, 'grad_norm': 1.6131273247023292, 'learning_rate': 2.4505494505494506e-05, 'epoch': 0.63}
{'loss': 1.2414, 'grad_norm': 1.4085614598995644, 'learning_rate': 2.4395604395604395e-05, 'epoch': 0.64}
{'loss': 1.2423, 'grad_norm': 1.3594670319370628, 'learning_rate': 2.4285714285714288e-05, 'epoch': 0.64}
{'loss': 1.2495, 'grad_norm': 1.4271124491076628, 'learning_rate': 2.4175824175824177e-05, 'epoch': 0.64}
{'loss': 1.2459, 'grad_norm': 1.5027435167598282, 'learning_rate': 2.4065934065934067e-05, 'epoch': 0.64}
{'loss': 1.2448, 'grad_norm': 1.440804953103498, 'learning_rate': 2.395604395604396e-05, 'epoch': 0.64}
{'loss': 1.3246, 'grad_norm': 1.4976253786919957, 'learning_rate': 2.3846153846153846e-05, 'epoch': 0.64}
{'loss': 1.258, 'grad_norm': 1.6999398641608783, 'learning_rate': 2.3736263736263735e-05, 'epoch': 0.65}
{'loss': 1.211, 'grad_norm': 1.4794430362607014, 'learning_rate': 2.3626373626373625e-05, 'epoch': 0.65}
{'loss': 1.3101, 'grad_norm': 1.5062153317589124, 'learning_rate': 2.3516483516483518e-05, 'epoch': 0.65}
{'loss': 1.2522, 'grad_norm': 1.387440195599014, 'learning_rate': 2.3406593406593407e-05, 'epoch': 0.65}
{'loss': 1.3351, 'grad_norm': 1.5565295018219585, 'learning_rate': 2.3296703296703297e-05, 'epoch': 0.65}
{'loss': 1.2504, 'grad_norm': 1.4369167305560047, 'learning_rate': 2.318681318681319e-05, 'epoch': 0.65}
{'loss': 1.2543, 'grad_norm': 1.4897163260607564, 'learning_rate': 2.307692307692308e-05, 'epoch': 0.66}
{'loss': 1.2707, 'grad_norm': 1.4138828395288574, 'learning_rate': 2.2967032967032965e-05, 'epoch': 0.66}
{'loss': 1.3667, 'grad_norm': 1.5825761774901088, 'learning_rate': 2.2857142857142858e-05, 'epoch': 0.66}
{'loss': 1.2218, 'grad_norm': 1.4425505771067393, 'learning_rate': 2.2747252747252748e-05, 'epoch': 0.66}
{'loss': 1.2572, 'grad_norm': 1.3767279258165073, 'learning_rate': 2.2637362637362637e-05, 'epoch': 0.66}
{'loss': 1.2552, 'grad_norm': 1.4947087423293381, 'learning_rate': 2.2527472527472527e-05, 'epoch': 0.66}
{'loss': 1.2199, 'grad_norm': 1.3361779604442399, 'learning_rate': 2.241758241758242e-05, 'epoch': 0.67}
{'loss': 1.2443, 'grad_norm': 1.3452191416815416, 'learning_rate': 2.230769230769231e-05, 'epoch': 0.67}
{'loss': 1.2679, 'grad_norm': 1.4397584340344782, 'learning_rate': 2.21978021978022e-05, 'epoch': 0.67}
{'loss': 1.2591, 'grad_norm': 1.5616902351161557, 'learning_rate': 2.208791208791209e-05, 'epoch': 0.67}
{'loss': 1.1977, 'grad_norm': 1.4770095390678133, 'learning_rate': 2.1978021978021977e-05, 'epoch': 0.67}
{'loss': 1.1777, 'grad_norm': 1.5391999778729712, 'learning_rate': 2.1868131868131867e-05, 'epoch': 0.67}
{'loss': 1.2088, 'grad_norm': 1.559263463130857, 'learning_rate': 2.175824175824176e-05, 'epoch': 0.68}
{'loss': 1.2793, 'grad_norm': 1.5384932496397283, 'learning_rate': 2.164835164835165e-05, 'epoch': 0.68}
{'loss': 1.3088, 'grad_norm': 1.6376856312838102, 'learning_rate': 2.153846153846154e-05, 'epoch': 0.68}
{'loss': 1.2344, 'grad_norm': 1.4462652416959236, 'learning_rate': 2.1428571428571428e-05, 'epoch': 0.68}
{'loss': 1.2135, 'grad_norm': 1.4727418100611434, 'learning_rate': 2.131868131868132e-05, 'epoch': 0.68}
{'loss': 1.1909, 'grad_norm': 1.411808725855847, 'learning_rate': 2.120879120879121e-05, 'epoch': 0.68}
{'loss': 1.3091, 'grad_norm': 1.407531366422242, 'learning_rate': 2.10989010989011e-05, 'epoch': 0.69}
{'loss': 1.1477, 'grad_norm': 1.24296449556228, 'learning_rate': 2.098901098901099e-05, 'epoch': 0.69}
{'loss': 1.2981, 'grad_norm': 1.6015127034703256, 'learning_rate': 2.087912087912088e-05, 'epoch': 0.69}
{'loss': 1.2566, 'grad_norm': 1.416204779257358, 'learning_rate': 2.076923076923077e-05, 'epoch': 0.69}
{'loss': 1.2552, 'grad_norm': 1.5369844301039481, 'learning_rate': 2.065934065934066e-05, 'epoch': 0.69}
{'loss': 1.3064, 'grad_norm': 1.4781837242026306, 'learning_rate': 2.054945054945055e-05, 'epoch': 0.69}
{'loss': 1.1934, 'grad_norm': 1.3915260910181502, 'learning_rate': 2.043956043956044e-05, 'epoch': 0.7}
{'loss': 1.2648, 'grad_norm': 1.3916250340674083, 'learning_rate': 2.032967032967033e-05, 'epoch': 0.7}
{'loss': 1.206, 'grad_norm': 1.3919233197790877, 'learning_rate': 2.0219780219780223e-05, 'epoch': 0.7}
{'loss': 1.2375, 'grad_norm': 1.5017457975198907, 'learning_rate': 2.010989010989011e-05, 'epoch': 0.7}
{'loss': 1.2534, 'grad_norm': 1.4656685503445157, 'learning_rate': 1.9999999999999998e-05, 'epoch': 0.7}
{'loss': 1.2509, 'grad_norm': 1.6211608872816363, 'learning_rate': 1.989010989010989e-05, 'epoch': 0.7}
{'loss': 1.2479, 'grad_norm': 1.5718952761606952, 'learning_rate': 1.978021978021978e-05, 'epoch': 0.71}
{'loss': 1.2147, 'grad_norm': 1.639335852448983, 'learning_rate': 1.967032967032967e-05, 'epoch': 0.71}
{'loss': 1.3, 'grad_norm': 1.4719860869195873, 'learning_rate': 1.9560439560439563e-05, 'epoch': 0.71}
{'loss': 1.2636, 'grad_norm': 1.4088023864293722, 'learning_rate': 1.9450549450549452e-05, 'epoch': 0.71}
{'loss': 1.2943, 'grad_norm': 1.4862715801857174, 'learning_rate': 1.9340659340659342e-05, 'epoch': 0.71}
{'loss': 1.2661, 'grad_norm': 1.4798304809967873, 'learning_rate': 1.923076923076923e-05, 'epoch': 0.71}
{'loss': 1.2827, 'grad_norm': 1.6138114889118167, 'learning_rate': 1.912087912087912e-05, 'epoch': 0.71}
{'loss': 1.3362, 'grad_norm': 1.532085268740261, 'learning_rate': 1.901098901098901e-05, 'epoch': 0.72}
{'loss': 1.2842, 'grad_norm': 1.5466506487055296, 'learning_rate': 1.89010989010989e-05, 'epoch': 0.72}
{'loss': 1.2684, 'grad_norm': 1.4555901567376304, 'learning_rate': 1.8791208791208793e-05, 'epoch': 0.72}
{'loss': 1.295, 'grad_norm': 1.47115243074513, 'learning_rate': 1.8681318681318682e-05, 'epoch': 0.72}
{'loss': 1.1973, 'grad_norm': 1.549878450980699, 'learning_rate': 1.8571428571428572e-05, 'epoch': 0.72}
{'loss': 1.3011, 'grad_norm': 1.5828364077661343, 'learning_rate': 1.8461538461538465e-05, 'epoch': 0.72}
{'loss': 1.3525, 'grad_norm': 1.5467040612918015, 'learning_rate': 1.8351648351648354e-05, 'epoch': 0.73}
{'loss': 1.228, 'grad_norm': 1.5104383620534616, 'learning_rate': 1.824175824175824e-05, 'epoch': 0.73}
{'loss': 1.2198, 'grad_norm': 1.4588319017027072, 'learning_rate': 1.813186813186813e-05, 'epoch': 0.73}
{'loss': 1.2112, 'grad_norm': 1.3113994525581905, 'learning_rate': 1.8021978021978023e-05, 'epoch': 0.73}
{'loss': 1.2748, 'grad_norm': 1.420992734736125, 'learning_rate': 1.7912087912087912e-05, 'epoch': 0.73}
{'loss': 1.2257, 'grad_norm': 1.4525094317919522, 'learning_rate': 1.78021978021978e-05, 'epoch': 0.73}
{'loss': 1.2897, 'grad_norm': 1.4112680126219868, 'learning_rate': 1.7692307692307694e-05, 'epoch': 0.74}
{'loss': 1.2849, 'grad_norm': 1.4618608137586493, 'learning_rate': 1.7582417582417584e-05, 'epoch': 0.74}
{'loss': 1.3438, 'grad_norm': 1.5173292508285476, 'learning_rate': 1.7472527472527473e-05, 'epoch': 0.74}
{'loss': 1.3169, 'grad_norm': 1.5290157600523695, 'learning_rate': 1.7362637362637366e-05, 'epoch': 0.74}
{'loss': 1.2704, 'grad_norm': 1.3281052083055425, 'learning_rate': 1.7252747252747252e-05, 'epoch': 0.74}
{'loss': 1.2911, 'grad_norm': 1.5030847460775427, 'learning_rate': 1.7142857142857142e-05, 'epoch': 0.74}
{'loss': 1.2814, 'grad_norm': 1.3762061724150292, 'learning_rate': 1.703296703296703e-05, 'epoch': 0.75}
{'loss': 1.1546, 'grad_norm': 1.3790325074572536, 'learning_rate': 1.6923076923076924e-05, 'epoch': 0.75}
{'loss': 1.3302, 'grad_norm': 1.4240021775850513, 'learning_rate': 1.6813186813186814e-05, 'epoch': 0.75}
{'loss': 1.2978, 'grad_norm': 1.6035429084491848, 'learning_rate': 1.6703296703296703e-05, 'epoch': 0.75}
{'loss': 1.3077, 'grad_norm': 1.4127906432778348, 'learning_rate': 1.6593406593406596e-05, 'epoch': 0.75}
{'loss': 1.2206, 'grad_norm': 1.4647899566945686, 'learning_rate': 1.6483516483516486e-05, 'epoch': 0.75}
{'loss': 1.3264, 'grad_norm': 1.5789840173232534, 'learning_rate': 1.637362637362637e-05, 'epoch': 0.76}
{'loss': 1.2574, 'grad_norm': 1.5559400563890395, 'learning_rate': 1.6263736263736265e-05, 'epoch': 0.76}
{'loss': 1.1973, 'grad_norm': 1.2716494685985358, 'learning_rate': 1.6153846153846154e-05, 'epoch': 0.76}
{'loss': 1.2582, 'grad_norm': 1.424274055549665, 'learning_rate': 1.6043956043956043e-05, 'epoch': 0.76}
{'loss': 1.3139, 'grad_norm': 1.544765614011017, 'learning_rate': 1.5934065934065933e-05, 'epoch': 0.76}
{'loss': 1.2159, 'grad_norm': 1.505067134513102, 'learning_rate': 1.5824175824175826e-05, 'epoch': 0.76}
{'loss': 1.3872, 'grad_norm': 1.5558648946646456, 'learning_rate': 1.5714285714285715e-05, 'epoch': 0.77}
{'loss': 1.3044, 'grad_norm': 1.5511803870062426, 'learning_rate': 1.5604395604395605e-05, 'epoch': 0.77}
{'loss': 1.3232, 'grad_norm': 1.6032247709344112, 'learning_rate': 1.5494505494505498e-05, 'epoch': 0.77}
{'loss': 1.3068, 'grad_norm': 1.616979687003446, 'learning_rate': 1.5384615384615384e-05, 'epoch': 0.77}
{'loss': 1.31, 'grad_norm': 1.4240635388161054, 'learning_rate': 1.5274725274725273e-05, 'epoch': 0.77}
{'loss': 1.3063, 'grad_norm': 1.5753755696904128, 'learning_rate': 1.5164835164835164e-05, 'epoch': 0.77}
{'loss': 1.2974, 'grad_norm': 1.4772329271730533, 'learning_rate': 1.5054945054945056e-05, 'epoch': 0.78}
{'loss': 1.2263, 'grad_norm': 1.332714319581925, 'learning_rate': 1.4945054945054945e-05, 'epoch': 0.78}
{'loss': 1.2584, 'grad_norm': 1.509862741206609, 'learning_rate': 1.4835164835164836e-05, 'epoch': 0.78}
{'loss': 1.1874, 'grad_norm': 1.5171052448828009, 'learning_rate': 1.4725274725274726e-05, 'epoch': 0.78}
{'loss': 1.2247, 'grad_norm': 1.4520479538200077, 'learning_rate': 1.4615384615384615e-05, 'epoch': 0.78}
{'loss': 1.2628, 'grad_norm': 1.5212154518034795, 'learning_rate': 1.4505494505494506e-05, 'epoch': 0.78}
{'loss': 1.2504, 'grad_norm': 1.486309677992047, 'learning_rate': 1.4395604395604396e-05, 'epoch': 0.79}
{'loss': 1.2747, 'grad_norm': 1.4108180978804485, 'learning_rate': 1.4285714285714285e-05, 'epoch': 0.79}
{'loss': 1.2317, 'grad_norm': 1.440621014835696, 'learning_rate': 1.4175824175824177e-05, 'epoch': 0.79}
{'loss': 1.2255, 'grad_norm': 1.931839087062062, 'learning_rate': 1.4065934065934066e-05, 'epoch': 0.79}
{'loss': 1.2056, 'grad_norm': 1.4784291895969668, 'learning_rate': 1.3956043956043957e-05, 'epoch': 0.79}
{'loss': 1.2661, 'grad_norm': 1.5919056112209107, 'learning_rate': 1.3846153846153847e-05, 'epoch': 0.79}
{'loss': 1.3707, 'grad_norm': 1.6184068588594225, 'learning_rate': 1.3736263736263736e-05, 'epoch': 0.8}
{'loss': 1.2686, 'grad_norm': 1.4081919083697487, 'learning_rate': 1.3626373626373627e-05, 'epoch': 0.8}
{'loss': 1.2094, 'grad_norm': 1.449557694028092, 'learning_rate': 1.3516483516483517e-05, 'epoch': 0.8}
{'loss': 1.3114, 'grad_norm': 1.47746798085278, 'learning_rate': 1.3406593406593408e-05, 'epoch': 0.8}
{'loss': 1.305, 'grad_norm': 1.4883146507540157, 'learning_rate': 1.3296703296703296e-05, 'epoch': 0.8}
{'loss': 1.3027, 'grad_norm': 1.5871644934608946, 'learning_rate': 1.3186813186813187e-05, 'epoch': 0.8}
{'loss': 1.3607, 'grad_norm': 1.4640600931153924, 'learning_rate': 1.3076923076923078e-05, 'epoch': 0.81}
{'loss': 1.2197, 'grad_norm': 1.4485405417191568, 'learning_rate': 1.2967032967032968e-05, 'epoch': 0.81}
{'loss': 1.2849, 'grad_norm': 1.4615154245236708, 'learning_rate': 1.2857142857142857e-05, 'epoch': 0.81}
{'loss': 1.3199, 'grad_norm': 1.36534644282245, 'learning_rate': 1.2747252747252747e-05, 'epoch': 0.81}
{'loss': 1.2441, 'grad_norm': 1.527645149639324, 'learning_rate': 1.2637362637362638e-05, 'epoch': 0.81}
{'loss': 1.2231, 'grad_norm': 1.4994530475334005, 'learning_rate': 1.2527472527472529e-05, 'epoch': 0.81}
{'loss': 1.2227, 'grad_norm': 1.40978145109549, 'learning_rate': 1.2417582417582417e-05, 'epoch': 0.82}
{'loss': 1.2207, 'grad_norm': 1.4550924620466077, 'learning_rate': 1.2307692307692308e-05, 'epoch': 0.82}
{'loss': 1.1962, 'grad_norm': 1.4847740841498867, 'learning_rate': 1.2197802197802198e-05, 'epoch': 0.82}
{'loss': 1.3422, 'grad_norm': 1.52437034803293, 'learning_rate': 1.2087912087912089e-05, 'epoch': 0.82}
{'loss': 1.2456, 'grad_norm': 1.3756425396616956, 'learning_rate': 1.197802197802198e-05, 'epoch': 0.82}
{'loss': 1.3021, 'grad_norm': 1.468290541188046, 'learning_rate': 1.1868131868131868e-05, 'epoch': 0.82}
{'loss': 1.2847, 'grad_norm': 1.4494784962959488, 'learning_rate': 1.1758241758241759e-05, 'epoch': 0.83}
{'loss': 1.301, 'grad_norm': 1.4628031033460844, 'learning_rate': 1.1648351648351648e-05, 'epoch': 0.83}
{'loss': 1.2495, 'grad_norm': 1.4211810587968496, 'learning_rate': 1.153846153846154e-05, 'epoch': 0.83}
{'loss': 1.2166, 'grad_norm': 1.5427974557558404, 'learning_rate': 1.1428571428571429e-05, 'epoch': 0.83}
{'loss': 1.258, 'grad_norm': 1.4828628065220022, 'learning_rate': 1.1318681318681319e-05, 'epoch': 0.83}
{'loss': 1.2643, 'grad_norm': 1.594273948562538, 'learning_rate': 1.120879120879121e-05, 'epoch': 0.83}
{'loss': 1.2437, 'grad_norm': 1.5369677545047753, 'learning_rate': 1.10989010989011e-05, 'epoch': 0.84}
{'loss': 1.2503, 'grad_norm': 1.429886684196242, 'learning_rate': 1.0989010989010989e-05, 'epoch': 0.84}
{'loss': 1.1786, 'grad_norm': 1.321443919420403, 'learning_rate': 1.087912087912088e-05, 'epoch': 0.84}
{'loss': 1.3025, 'grad_norm': 1.4694866200007008, 'learning_rate': 1.076923076923077e-05, 'epoch': 0.84}
{'loss': 1.2119, 'grad_norm': 1.3934339378775087, 'learning_rate': 1.065934065934066e-05, 'epoch': 0.84}
{'loss': 1.273, 'grad_norm': 1.429759289549418, 'learning_rate': 1.054945054945055e-05, 'epoch': 0.84}
{'loss': 1.2821, 'grad_norm': 1.537369624867213, 'learning_rate': 1.043956043956044e-05, 'epoch': 0.85}
{'loss': 1.183, 'grad_norm': 1.4907077822300865, 'learning_rate': 1.032967032967033e-05, 'epoch': 0.85}
{'loss': 1.2696, 'grad_norm': 1.4844696817819354, 'learning_rate': 1.021978021978022e-05, 'epoch': 0.85}
{'loss': 1.312, 'grad_norm': 1.4576686252522972, 'learning_rate': 1.0109890109890111e-05, 'epoch': 0.85}
{'loss': 1.298, 'grad_norm': 1.5682268098551426, 'learning_rate': 9.999999999999999e-06, 'epoch': 0.85}
{'loss': 1.2399, 'grad_norm': 1.45596847432454, 'learning_rate': 9.89010989010989e-06, 'epoch': 0.85}
{'loss': 1.2709, 'grad_norm': 1.50217827943496, 'learning_rate': 9.780219780219781e-06, 'epoch': 0.86}
{'loss': 1.1859, 'grad_norm': 1.4362289780422075, 'learning_rate': 9.670329670329671e-06, 'epoch': 0.86}
{'loss': 1.2641, 'grad_norm': 1.4577001105158345, 'learning_rate': 9.56043956043956e-06, 'epoch': 0.86}
{'loss': 1.2848, 'grad_norm': 1.69086847720309, 'learning_rate': 9.45054945054945e-06, 'epoch': 0.86}
{'loss': 1.2739, 'grad_norm': 1.535707020663189, 'learning_rate': 9.340659340659341e-06, 'epoch': 0.86}
{'loss': 1.2771, 'grad_norm': 1.6142308578502373, 'learning_rate': 9.230769230769232e-06, 'epoch': 0.86}
{'loss': 1.2468, 'grad_norm': 1.4201373706779459, 'learning_rate': 9.12087912087912e-06, 'epoch': 0.86}
{'loss': 1.2325, 'grad_norm': 1.348011710792407, 'learning_rate': 9.010989010989011e-06, 'epoch': 0.87}
{'loss': 1.288, 'grad_norm': 1.508472120457933, 'learning_rate': 8.9010989010989e-06, 'epoch': 0.87}
{'loss': 1.2464, 'grad_norm': 1.3702202864864998, 'learning_rate': 8.791208791208792e-06, 'epoch': 0.87}
{'loss': 1.2798, 'grad_norm': 1.4807426581728056, 'learning_rate': 8.681318681318683e-06, 'epoch': 0.87}
{'loss': 1.3467, 'grad_norm': 1.5781497009157168, 'learning_rate': 8.571428571428571e-06, 'epoch': 0.87}
{'loss': 1.1943, 'grad_norm': 1.4367363601443346, 'learning_rate': 8.461538461538462e-06, 'epoch': 0.87}
{'loss': 1.3358, 'grad_norm': 1.4465197495748319, 'learning_rate': 8.351648351648352e-06, 'epoch': 0.88}
{'loss': 1.1742, 'grad_norm': 1.366469276331286, 'learning_rate': 8.241758241758243e-06, 'epoch': 0.88}
{'loss': 1.4023, 'grad_norm': 1.6208011225202237, 'learning_rate': 8.131868131868132e-06, 'epoch': 0.88}
{'loss': 1.3094, 'grad_norm': 1.516842854225606, 'learning_rate': 8.021978021978022e-06, 'epoch': 0.88}
{'loss': 1.2174, 'grad_norm': 1.4013619559054133, 'learning_rate': 7.912087912087913e-06, 'epoch': 0.88}
{'loss': 1.3297, 'grad_norm': 1.6621511882179993, 'learning_rate': 7.802197802197802e-06, 'epoch': 0.88}
{'loss': 1.3175, 'grad_norm': 1.4305697361182574, 'learning_rate': 7.692307692307692e-06, 'epoch': 0.89}
{'loss': 1.3377, 'grad_norm': 1.5856150031460676, 'learning_rate': 7.582417582417582e-06, 'epoch': 0.89}
{'loss': 1.2697, 'grad_norm': 1.4487439634840822, 'learning_rate': 7.4725274725274726e-06, 'epoch': 0.89}
{'loss': 1.3043, 'grad_norm': 1.5429353734523008, 'learning_rate': 7.362637362637363e-06, 'epoch': 0.89}
{'loss': 1.2045, 'grad_norm': 1.470938006486678, 'learning_rate': 7.252747252747253e-06, 'epoch': 0.89}
{'loss': 1.2841, 'grad_norm': 1.590301972510105, 'learning_rate': 7.142857142857143e-06, 'epoch': 0.89}
{'loss': 1.2558, 'grad_norm': 1.5353640350196232, 'learning_rate': 7.032967032967033e-06, 'epoch': 0.9}
{'loss': 1.2498, 'grad_norm': 1.6455820672461505, 'learning_rate': 6.923076923076923e-06, 'epoch': 0.9}
{'loss': 1.3856, 'grad_norm': 1.4740174981454146, 'learning_rate': 6.813186813186814e-06, 'epoch': 0.9}
{'loss': 1.2492, 'grad_norm': 1.480472453975825, 'learning_rate': 6.703296703296704e-06, 'epoch': 0.9}
{'loss': 1.3, 'grad_norm': 1.6001138974419875, 'learning_rate': 6.5934065934065935e-06, 'epoch': 0.9}
{'loss': 1.2754, 'grad_norm': 1.5600996271745613, 'learning_rate': 6.483516483516484e-06, 'epoch': 0.9}
{'loss': 1.2821, 'grad_norm': 1.3671100267530476, 'learning_rate': 6.373626373626373e-06, 'epoch': 0.91}
{'loss': 1.2462, 'grad_norm': 1.4603174699224877, 'learning_rate': 6.2637362637362645e-06, 'epoch': 0.91}
{'loss': 1.206, 'grad_norm': 1.5103534378322283, 'learning_rate': 6.153846153846154e-06, 'epoch': 0.91}
{'loss': 1.2696, 'grad_norm': 1.3894717545824857, 'learning_rate': 6.043956043956044e-06, 'epoch': 0.91}
{'loss': 1.2552, 'grad_norm': 1.5355252897365554, 'learning_rate': 5.934065934065934e-06, 'epoch': 0.91}
{'loss': 1.2699, 'grad_norm': 1.52554832356452, 'learning_rate': 5.824175824175824e-06, 'epoch': 0.91}
{'loss': 1.2945, 'grad_norm': 1.5113476832571946, 'learning_rate': 5.7142857142857145e-06, 'epoch': 0.92}
{'loss': 1.2664, 'grad_norm': 1.4939583860471892, 'learning_rate': 5.604395604395605e-06, 'epoch': 0.92}
{'loss': 1.307, 'grad_norm': 1.6769083851929187, 'learning_rate': 5.494505494505494e-06, 'epoch': 0.92}
{'loss': 1.2346, 'grad_norm': 1.4606748946698238, 'learning_rate': 5.384615384615385e-06, 'epoch': 0.92}
{'loss': 1.2003, 'grad_norm': 1.4373416813452864, 'learning_rate': 5.274725274725275e-06, 'epoch': 0.92}
{'loss': 1.275, 'grad_norm': 1.5547409431818162, 'learning_rate': 5.164835164835165e-06, 'epoch': 0.92}
{'loss': 1.304, 'grad_norm': 1.5133774600268546, 'learning_rate': 5.054945054945056e-06, 'epoch': 0.93}
{'loss': 1.2924, 'grad_norm': 1.550769949999172, 'learning_rate': 4.945054945054945e-06, 'epoch': 0.93}
{'loss': 1.3394, 'grad_norm': 1.5182283204099762, 'learning_rate': 4.8351648351648355e-06, 'epoch': 0.93}
{'loss': 1.3002, 'grad_norm': 1.4542975668299707, 'learning_rate': 4.725274725274725e-06, 'epoch': 0.93}
{'loss': 1.2514, 'grad_norm': 1.444626351460426, 'learning_rate': 4.615384615384616e-06, 'epoch': 0.93}
{'loss': 1.2364, 'grad_norm': 1.492282484936013, 'learning_rate': 4.505494505494506e-06, 'epoch': 0.93}
{'loss': 1.2974, 'grad_norm': 1.3828704304602821, 'learning_rate': 4.395604395604396e-06, 'epoch': 0.94}
{'loss': 1.3361, 'grad_norm': 1.541109302221433, 'learning_rate': 4.2857142857142855e-06, 'epoch': 0.94}
{'loss': 1.1779, 'grad_norm': 1.5029330188498655, 'learning_rate': 4.175824175824176e-06, 'epoch': 0.94}
{'loss': 1.2478, 'grad_norm': 1.4317113174533642, 'learning_rate': 4.065934065934066e-06, 'epoch': 0.94}
{'loss': 1.3494, 'grad_norm': 1.590675080415953, 'learning_rate': 3.9560439560439565e-06, 'epoch': 0.94}
{'loss': 1.236, 'grad_norm': 1.4047490480918394, 'learning_rate': 3.846153846153846e-06, 'epoch': 0.94}
{'loss': 1.2384, 'grad_norm': 1.3542219248525715, 'learning_rate': 3.7362637362637363e-06, 'epoch': 0.95}
{'loss': 1.2936, 'grad_norm': 1.4698026415628949, 'learning_rate': 3.6263736263736266e-06, 'epoch': 0.95}
{'loss': 1.3036, 'grad_norm': 1.3813307414901994, 'learning_rate': 3.5164835164835165e-06, 'epoch': 0.95}
{'loss': 1.1784, 'grad_norm': 1.539459564574953, 'learning_rate': 3.406593406593407e-06, 'epoch': 0.95}
{'loss': 1.2353, 'grad_norm': 1.528683516272408, 'learning_rate': 3.2967032967032968e-06, 'epoch': 0.95}
{'loss': 1.3049, 'grad_norm': 1.4701555709521064, 'learning_rate': 3.1868131868131867e-06, 'epoch': 0.95}
{'loss': 1.2914, 'grad_norm': 1.5162787060013312, 'learning_rate': 3.076923076923077e-06, 'epoch': 0.96}
{'loss': 1.2172, 'grad_norm': 1.5508849448024087, 'learning_rate': 2.967032967032967e-06, 'epoch': 0.96}
{'loss': 1.21, 'grad_norm': 1.4662761551263257, 'learning_rate': 2.8571428571428573e-06, 'epoch': 0.96}
{'loss': 1.3724, 'grad_norm': 1.499335857228662, 'learning_rate': 2.747252747252747e-06, 'epoch': 0.96}
{'loss': 1.2703, 'grad_norm': 1.4987818221912774, 'learning_rate': 2.6373626373626375e-06, 'epoch': 0.96}
{'loss': 1.2665, 'grad_norm': 1.4660409333107653, 'learning_rate': 2.527472527472528e-06, 'epoch': 0.96}
{'loss': 1.2585, 'grad_norm': 1.4325447090188888, 'learning_rate': 2.4175824175824177e-06, 'epoch': 0.97}
{'loss': 1.2432, 'grad_norm': 1.6217787432910051, 'learning_rate': 2.307692307692308e-06, 'epoch': 0.97}
{'loss': 1.2474, 'grad_norm': 1.3535981036180824, 'learning_rate': 2.197802197802198e-06, 'epoch': 0.97}
{'loss': 1.3379, 'grad_norm': 1.4448209184336251, 'learning_rate': 2.087912087912088e-06, 'epoch': 0.97}
{'loss': 1.2698, 'grad_norm': 1.348357662166907, 'learning_rate': 1.9780219780219782e-06, 'epoch': 0.97}
{'loss': 1.2567, 'grad_norm': 1.2913046093570364, 'learning_rate': 1.8681318681318681e-06, 'epoch': 0.97}
{'loss': 1.237, 'grad_norm': 1.54229273412883, 'learning_rate': 1.7582417582417583e-06, 'epoch': 0.98}
{'loss': 1.2995, 'grad_norm': 1.5272116835685297, 'learning_rate': 1.6483516483516484e-06, 'epoch': 0.98}
{'loss': 1.2484, 'grad_norm': 1.5463697590935324, 'learning_rate': 1.5384615384615385e-06, 'epoch': 0.98}
{'loss': 1.3122, 'grad_norm': 1.4845686936742917, 'learning_rate': 1.4285714285714286e-06, 'epoch': 0.98}
{'loss': 1.3159, 'grad_norm': 1.519318710407983, 'learning_rate': 1.3186813186813187e-06, 'epoch': 0.98}
{'loss': 1.2884, 'grad_norm': 1.4464603299484233, 'learning_rate': 1.2087912087912089e-06, 'epoch': 0.98}
{'loss': 1.2907, 'grad_norm': 1.5385408243509757, 'learning_rate': 1.098901098901099e-06, 'epoch': 0.99}
{'loss': 1.3142, 'grad_norm': 1.6166211302069486, 'learning_rate': 9.890109890109891e-07, 'epoch': 0.99}
{'loss': 1.2269, 'grad_norm': 1.4937675060060422, 'learning_rate': 8.791208791208791e-07, 'epoch': 0.99}
{'loss': 1.3018, 'grad_norm': 1.3880286249320206, 'learning_rate': 7.692307692307693e-07, 'epoch': 0.99}
{'loss': 1.2543, 'grad_norm': 1.430749884104653, 'learning_rate': 6.593406593406594e-07, 'epoch': 0.99}
{'loss': 1.2079, 'grad_norm': 1.4047045798955309, 'learning_rate': 5.494505494505495e-07, 'epoch': 0.99}
{'loss': 1.2592, 'grad_norm': 1.5992219523298574, 'learning_rate': 4.3956043956043957e-07, 'epoch': 1.0}
{'loss': 1.2119, 'grad_norm': 1.5243333578893172, 'learning_rate': 3.296703296703297e-07, 'epoch': 1.0}
{'loss': 1.2582, 'grad_norm': 1.5858669171341186, 'learning_rate': 2.1978021978021978e-07, 'epoch': 1.0}
{'loss': 1.3532, 'grad_norm': 1.5213270387600113, 'learning_rate': 1.0989010989010989e-07, 'epoch': 1.0}
{'train_runtime': 1016.4791, 'train_samples_per_second': 477.947, 'train_steps_per_second': 0.597, 'train_loss': 1.272617899409236, 'epoch': 1.0}
: 1024.2008 
: 1024.2025 
: 1023.9771 
: 1024.0036 
: 1024.0200 
: 1024.4456 
: 1024.7339 
: 1025.8584 
